Analysis & Elaboration report for Main_UART
Sat Aug 27 20:36:41 2022
Quartus Prime Version 20.1.1 Build 720 11/11/2020 SJ Lite Edition


---------------------
; Table of Contents ;
---------------------
  1. Legal Notice
  2. Analysis & Elaboration Summary
  3. Parallel Compilation
  4. Analysis & Elaboration Settings
  5. Port Connectivity Checks: "RX:U2"
  6. Port Connectivity Checks: "TX:U1"
  7. Analysis & Elaboration Messages



----------------
; Legal Notice ;
----------------
Copyright (C) 2020  Intel Corporation. All rights reserved.
Your use of Intel Corporation's design tools, logic functions 
and other software and tools, and any partner logic 
functions, and any output files from any of the foregoing 
(including device programming or simulation files), and any 
associated documentation or information are expressly subject 
to the terms and conditions of the Intel Program License 
Subscription Agreement, the Intel Quartus Prime License Agreement,
the Intel FPGA IP License Agreement, or other applicable license
agreement, including, without limitation, that your use is for
the sole purpose of programming logic devices manufactured by
Intel and sold by Intel or its authorized distributors.  Please
refer to the applicable agreement for further details, at
https://fpgasoftware.intel.com/eula.



+-----------------------------------------------------------------------------+
; Analysis & Elaboration Summary                                              ;
+-------------------------------+---------------------------------------------+
; Analysis & Elaboration Status ; Successful - Sat Aug 27 20:36:41 2022       ;
; Quartus Prime Version         ; 20.1.1 Build 720 11/11/2020 SJ Lite Edition ;
; Revision Name                 ; Main_UART                                   ;
; Top-level Entity Name         ; Main_UART                                   ;
; Family                        ; MAX V                                       ;
+-------------------------------+---------------------------------------------+


+------------------------------------------+
; Parallel Compilation                     ;
+----------------------------+-------------+
; Processors                 ; Number      ;
+----------------------------+-------------+
; Number detected on machine ; 8           ;
; Maximum allowed            ; 4           ;
;                            ;             ;
; Average used               ; 1.00        ;
; Maximum used               ; 1           ;
;                            ;             ;
; Usage by Processor         ; % Time Used ;
;     Processor 1            ; 100.0%      ;
+----------------------------+-------------+


+------------------------------------------------------------------------------------------------------------+
; Analysis & Elaboration Settings                                                                            ;
+------------------------------------------------------------------+--------------------+--------------------+
; Option                                                           ; Setting            ; Default Value      ;
+------------------------------------------------------------------+--------------------+--------------------+
; Device                                                           ; 5M2210ZF324I5      ;                    ;
; Top-level entity name                                            ; Main_UART          ; Main_UART          ;
; Family name                                                      ; MAX V              ; Cyclone V          ;
; Use smart compilation                                            ; Off                ; Off                ;
; Enable parallel Assembler and Timing Analyzer during compilation ; On                 ; On                 ;
; Enable compact report table                                      ; Off                ; Off                ;
; Restructure Multiplexers                                         ; Auto               ; Auto               ;
; Create Debugging Nodes for IP Cores                              ; Off                ; Off                ;
; Preserve fewer node names                                        ; On                 ; On                 ;
; Intel FPGA IP Evaluation Mode                                    ; Enable             ; Enable             ;
; Verilog Version                                                  ; Verilog_2001       ; Verilog_2001       ;
; VHDL Version                                                     ; VHDL_1993          ; VHDL_1993          ;
; State Machine Processing                                         ; Auto               ; Auto               ;
; Safe State Machine                                               ; Off                ; Off                ;
; Extract Verilog State Machines                                   ; On                 ; On                 ;
; Extract VHDL State Machines                                      ; On                 ; On                 ;
; Ignore Verilog initial constructs                                ; Off                ; Off                ;
; Iteration limit for constant Verilog loops                       ; 5000               ; 5000               ;
; Iteration limit for non-constant Verilog loops                   ; 250                ; 250                ;
; Add Pass-Through Logic to Inferred RAMs                          ; On                 ; On                 ;
; Infer RAMs from Raw Logic                                        ; On                 ; On                 ;
; Parallel Synthesis                                               ; On                 ; On                 ;
; NOT Gate Push-Back                                               ; On                 ; On                 ;
; Power-Up Don't Care                                              ; On                 ; On                 ;
; Remove Redundant Logic Cells                                     ; Off                ; Off                ;
; Remove Duplicate Registers                                       ; On                 ; On                 ;
; Ignore CARRY Buffers                                             ; Off                ; Off                ;
; Ignore CASCADE Buffers                                           ; Off                ; Off                ;
; Ignore GLOBAL Buffers                                            ; Off                ; Off                ;
; Ignore ROW GLOBAL Buffers                                        ; Off                ; Off                ;
; Ignore LCELL Buffers                                             ; Off                ; Off                ;
; Ignore SOFT Buffers                                              ; On                 ; On                 ;
; Limit AHDL Integers to 32 Bits                                   ; Off                ; Off                ;
; Optimization Technique                                           ; Balanced           ; Balanced           ;
; Carry Chain Length                                               ; 70                 ; 70                 ;
; Auto Carry Chains                                                ; On                 ; On                 ;
; Auto Open-Drain Pins                                             ; On                 ; On                 ;
; Perform WYSIWYG Primitive Resynthesis                            ; Off                ; Off                ;
; Auto Shift Register Replacement                                  ; Auto               ; Auto               ;
; Allow Shift Register Merging across Hierarchies                  ; Auto               ; Auto               ;
; Auto Clock Enable Replacement                                    ; On                 ; On                 ;
; Allow Synchronous Control Signals                                ; On                 ; On                 ;
; Force Use of Synchronous Clear Signals                           ; Off                ; Off                ;
; Auto Resource Sharing                                            ; Off                ; Off                ;
; Use LogicLock Constraints during Resource Balancing              ; On                 ; On                 ;
; Ignore translate_off and synthesis_off directives                ; Off                ; Off                ;
; Report Parameter Settings                                        ; On                 ; On                 ;
; Report Source Assignments                                        ; On                 ; On                 ;
; Report Connectivity Checks                                       ; On                 ; On                 ;
; Ignore Maximum Fan-Out Assignments                               ; Off                ; Off                ;
; Synchronization Register Chain Length                            ; 2                  ; 2                  ;
; Power Optimization During Synthesis                              ; Normal compilation ; Normal compilation ;
; HDL message level                                                ; Level2             ; Level2             ;
; Suppress Register Optimization Related Messages                  ; Off                ; Off                ;
; Number of Removed Registers Reported in Synthesis Report         ; 5000               ; 5000               ;
; Number of Swept Nodes Reported in Synthesis Report               ; 5000               ; 5000               ;
; Number of Inverted Registers Reported in Synthesis Report        ; 100                ; 100                ;
; Clock MUX Protection                                             ; On                 ; On                 ;
; Block Design Naming                                              ; Auto               ; Auto               ;
; Synthesis Effort                                                 ; Auto               ; Auto               ;
; Shift Register Replacement - Allow Asynchronous Clear Signal     ; On                 ; On                 ;
; Analysis & Synthesis Message Level                               ; Medium             ; Medium             ;
; Disable Register Merging Across Hierarchies                      ; Auto               ; Auto               ;
+------------------------------------------------------------------+--------------------+--------------------+


+------------------------------------------------------------------------------------------------------------------+
; Port Connectivity Checks: "RX:U2"                                                                                ;
+--------+--------+----------+-------------------------------------------------------------------------------------+
; Port   ; Type   ; Severity ; Details                                                                             ;
+--------+--------+----------+-------------------------------------------------------------------------------------+
; o_data ; Output ; Info     ; Connected to dangling logic. Logic that only feeds a dangling port will be removed. ;
; o_busy ; Output ; Info     ; Connected to dangling logic. Logic that only feeds a dangling port will be removed. ;
+--------+--------+----------+-------------------------------------------------------------------------------------+


+------------------------------------------------------------------------------------------------------------------------+
; Port Connectivity Checks: "TX:U1"                                                                                      ;
+--------------+--------+----------+-------------------------------------------------------------------------------------+
; Port         ; Type   ; Severity ; Details                                                                             ;
+--------------+--------+----------+-------------------------------------------------------------------------------------+
; i_enable_tx  ; Input  ; Info     ; Stuck at VCC                                                                        ;
; i_data[1..0] ; Input  ; Info     ; Stuck at VCC                                                                        ;
; i_data[3..2] ; Input  ; Info     ; Stuck at GND                                                                        ;
; i_data[7]    ; Input  ; Info     ; Stuck at GND                                                                        ;
; i_data[6]    ; Input  ; Info     ; Stuck at VCC                                                                        ;
; i_data[5]    ; Input  ; Info     ; Stuck at GND                                                                        ;
; i_data[4]    ; Input  ; Info     ; Stuck at VCC                                                                        ;
; o_busy       ; Output ; Info     ; Connected to dangling logic. Logic that only feeds a dangling port will be removed. ;
; o_comple     ; Output ; Info     ; Connected to dangling logic. Logic that only feeds a dangling port will be removed. ;
+--------------+--------+----------+-------------------------------------------------------------------------------------+


+---------------------------------+
; Analysis & Elaboration Messages ;
+---------------------------------+
Info: *******************************************************************
Info: Running Quartus Prime Analysis & Elaboration
    Info: Version 20.1.1 Build 720 11/11/2020 SJ Lite Edition
    Info: Processing started: Sat Aug 27 20:36:34 2022
Info: Command: quartus_map --read_settings_files=on --write_settings_files=off Main_UART -c Main_UART --analysis_and_elaboration
Warning (18236): Number of processors has not been specified which may cause overloading on shared machines.  Set the global assignment NUM_PARALLEL_PROCESSORS in your QSF to an appropriate value for best performance.
Info (20030): Parallel compilation is enabled and will use 4 of the 4 processors detected
Info (12021): Found 2 design units, including 1 entities, in source file main_uart.vhd
    Info (12022): Found design unit 1: Main_UART-main File: E:/Bai_Tap_Viettel/New folder/driver_i2c_uart_spi/UART_code/Main_UART.vhd Line: 11
    Info (12023): Found entity 1: Main_UART File: E:/Bai_Tap_Viettel/New folder/driver_i2c_uart_spi/UART_code/Main_UART.vhd Line: 4
Info (12021): Found 2 design units, including 1 entities, in source file tx.vhd
    Info (12022): Found design unit 1: TX-main File: E:/Bai_Tap_Viettel/New folder/driver_i2c_uart_spi/UART_code/TX.vhd Line: 18
    Info (12023): Found entity 1: TX File: E:/Bai_Tap_Viettel/New folder/driver_i2c_uart_spi/UART_code/TX.vhd Line: 8
Info (12021): Found 2 design units, including 1 entities, in source file rx.vhd
    Info (12022): Found design unit 1: RX-main File: E:/Bai_Tap_Viettel/New folder/driver_i2c_uart_spi/UART_code/RX.vhd Line: 17
    Info (12023): Found entity 1: RX File: E:/Bai_Tap_Viettel/New folder/driver_i2c_uart_spi/UART_code/RX.vhd Line: 8
Info (12127): Elaborating entity "Main_UART" for the top level hierarchy
Warning (10541): VHDL Signal Declaration warning at Main_UART.vhd(8): used implicit default value for signal "o_TX" because signal was never assigned a value or an explicit default value. Use of implicit default value may introduce unintended design optimizations. File: E:/Bai_Tap_Viettel/New folder/driver_i2c_uart_spi/UART_code/Main_UART.vhd Line: 8
Warning (10540): VHDL Signal Declaration warning at Main_UART.vhd(12): used explicit default value for signal "enable_TX" because signal was never assigned a value File: E:/Bai_Tap_Viettel/New folder/driver_i2c_uart_spi/UART_code/Main_UART.vhd Line: 12
Warning (10036): Verilog HDL or VHDL warning at Main_UART.vhd(13): object "BUSY_TX" assigned a value but never read File: E:/Bai_Tap_Viettel/New folder/driver_i2c_uart_spi/UART_code/Main_UART.vhd Line: 13
Warning (10540): VHDL Signal Declaration warning at Main_UART.vhd(14): used explicit default value for signal "Data_TX" because signal was never assigned a value File: E:/Bai_Tap_Viettel/New folder/driver_i2c_uart_spi/UART_code/Main_UART.vhd Line: 14
Warning (10036): Verilog HDL or VHDL warning at Main_UART.vhd(15): object "comple" assigned a value but never read File: E:/Bai_Tap_Viettel/New folder/driver_i2c_uart_spi/UART_code/Main_UART.vhd Line: 15
Warning (10036): Verilog HDL or VHDL warning at Main_UART.vhd(17): object "Data_RX" assigned a value but never read File: E:/Bai_Tap_Viettel/New folder/driver_i2c_uart_spi/UART_code/Main_UART.vhd Line: 17
Warning (10036): Verilog HDL or VHDL warning at Main_UART.vhd(18): object "BUSY_RX" assigned a value but never read File: E:/Bai_Tap_Viettel/New folder/driver_i2c_uart_spi/UART_code/Main_UART.vhd Line: 18
Info (12128): Elaborating entity "TX" for hierarchy "TX:U1" File: E:/Bai_Tap_Viettel/New folder/driver_i2c_uart_spi/UART_code/Main_UART.vhd Line: 42
Info (12128): Elaborating entity "RX" for hierarchy "RX:U2" File: E:/Bai_Tap_Viettel/New folder/driver_i2c_uart_spi/UART_code/Main_UART.vhd Line: 43
Info: Quartus Prime Analysis & Elaboration was successful. 0 errors, 8 warnings
    Info: Peak virtual memory: 4760 megabytes
    Info: Processing ended: Sat Aug 27 20:36:41 2022
    Info: Elapsed time: 00:00:07
    Info: Total CPU time (on all processors): 00:00:16


